[main 8f2d17e] auto-backup: 2026-04-01 11:20
 Committer: mac <mac@macui-MacBookPro.local>
Your name and email address were configured automatically based
on your username and hostname. Please check that they are accurate.
You can suppress this message by setting them explicitly. Run the
following command and follow the instructions in your editor to edit
your configuration file:

    git config --global --edit

After doing this, you may fix the identity used for this commit with:

    git commit --amend --reset-author

 2 files changed, 11 insertions(+)
 create mode 100755 tools/auto-backup.sh
 create mode 100644 tools/backup.log
To github.com:samwoo-seong0915/pipeline-offline.git
   005c5cb..8f2d17e  main -> main
[main bd4256e] auto-backup: 2026-04-01 11:40
 Committer: mac <mac@macui-MacBookPro.local>
Your name and email address were configured automatically based
on your username and hostname. Please check that they are accurate.
You can suppress this message by setting them explicitly. Run the
following command and follow the instructions in your editor to edit
your configuration file:

    git config --global --edit

After doing this, you may fix the identity used for this commit with:

    git commit --amend --reset-author

 1 file changed, 19 insertions(+)
To github.com:samwoo-seong0915/pipeline-offline.git
   8f2d17e..bd4256e  main -> main
[main fd7474a] auto-backup: 2026-04-01 12:00
 Committer: mac <mac@macui-MacBookPro.local>
Your name and email address were configured automatically based
on your username and hostname. Please check that they are accurate.
You can suppress this message by setting them explicitly. Run the
following command and follow the instructions in your editor to edit
your configuration file:

    git config --global --edit

After doing this, you may fix the identity used for this commit with:

    git commit --amend --reset-author

 1 file changed, 17 insertions(+)
To github.com:samwoo-seong0915/pipeline-offline.git
   bd4256e..fd7474a  main -> main
[main 857b581] auto-backup: 2026-04-01 12:20
 Committer: mac <mac@macui-MacBookPro.local>
Your name and email address were configured automatically based
on your username and hostname. Please check that they are accurate.
You can suppress this message by setting them explicitly. Run the
following command and follow the instructions in your editor to edit
your configuration file:

    git config --global --edit

After doing this, you may fix the identity used for this commit with:

    git commit --amend --reset-author

 1 file changed, 17 insertions(+)
To github.com:samwoo-seong0915/pipeline-offline.git
   fd7474a..857b581  main -> main
[main 421f9bc] auto-backup: 2026-04-01 12:40
 Committer: mac <mac@macui-MacBookPro.local>
Your name and email address were configured automatically based
on your username and hostname. Please check that they are accurate.
You can suppress this message by setting them explicitly. Run the
following command and follow the instructions in your editor to edit
your configuration file:

    git config --global --edit

After doing this, you may fix the identity used for this commit with:

    git commit --amend --reset-author

 1 file changed, 17 insertions(+)
To github.com:samwoo-seong0915/pipeline-offline.git
   857b581..421f9bc  main -> main
[main 8fc7084] auto-backup: 2026-04-01 13:00
 Committer: mac <mac@macui-MacBookPro.local>
Your name and email address were configured automatically based
on your username and hostname. Please check that they are accurate.
You can suppress this message by setting them explicitly. Run the
following command and follow the instructions in your editor to edit
your configuration file:

    git config --global --edit

After doing this, you may fix the identity used for this commit with:

    git commit --amend --reset-author

 1 file changed, 17 insertions(+)
To github.com:samwoo-seong0915/pipeline-offline.git
   421f9bc..8fc7084  main -> main
[main 6a97430] auto-backup: 2026-04-01 13:20
 Committer: mac <mac@macui-MacBookPro.local>
Your name and email address were configured automatically based
on your username and hostname. Please check that they are accurate.
You can suppress this message by setting them explicitly. Run the
following command and follow the instructions in your editor to edit
your configuration file:

    git config --global --edit

After doing this, you may fix the identity used for this commit with:

    git commit --amend --reset-author

 1 file changed, 17 insertions(+)
To github.com:samwoo-seong0915/pipeline-offline.git
   8fc7084..6a97430  main -> main
[main ccd518a] auto-backup: 2026-04-01 13:40
 Committer: mac <mac@macui-MacBookPro.local>
Your name and email address were configured automatically based
on your username and hostname. Please check that they are accurate.
You can suppress this message by setting them explicitly. Run the
following command and follow the instructions in your editor to edit
your configuration file:

    git config --global --edit

After doing this, you may fix the identity used for this commit with:

    git commit --amend --reset-author

 2 files changed, 165 insertions(+)
 create mode 100644 clinic-preconsult-launch/10-sales-reference.md
To github.com:samwoo-seong0915/pipeline-offline.git
   6a97430..ccd518a  main -> main
[main 8ccdb23] auto-backup: 2026-04-01 14:00
 Committer: mac <mac@macui-MacBookPro.local>
Your name and email address were configured automatically based
on your username and hostname. Please check that they are accurate.
You can suppress this message by setting them explicitly. Run the
following command and follow the instructions in your editor to edit
your configuration file:

    git config --global --edit

After doing this, you may fix the identity used for this commit with:

    git commit --amend --reset-author

 1 file changed, 18 insertions(+)
To github.com:samwoo-seong0915/pipeline-offline.git
   ccd518a..8ccdb23  main -> main
[main 83cfca1] auto-backup: 2026-04-01 14:20
 Committer: mac <mac@macui-MacBookPro.local>
Your name and email address were configured automatically based
on your username and hostname. Please check that they are accurate.
You can suppress this message by setting them explicitly. Run the
following command and follow the instructions in your editor to edit
your configuration file:

    git config --global --edit

After doing this, you may fix the identity used for this commit with:

    git commit --amend --reset-author

 1 file changed, 17 insertions(+)
To github.com:samwoo-seong0915/pipeline-offline.git
   8ccdb23..83cfca1  main -> main
[main 977da9e] auto-backup: 2026-04-01 14:40
 Committer: mac <mac@macui-MacBookPro.local>
Your name and email address were configured automatically based
on your username and hostname. Please check that they are accurate.
You can suppress this message by setting them explicitly. Run the
following command and follow the instructions in your editor to edit
your configuration file:

    git config --global --edit

After doing this, you may fix the identity used for this commit with:

    git commit --amend --reset-author

 4 files changed, 198 insertions(+)
 create mode 100644 clinic-preconsult-launch/11-demo-plan.md
 create mode 100644 clinic-preconsult-launch/12-live-demo-script.md
To github.com:samwoo-seong0915/pipeline-offline.git
   83cfca1..977da9e  main -> main
[main d628682] auto-backup: 2026-04-01 15:00
 Committer: mac <mac@macui-MacBookPro.local>
Your name and email address were configured automatically based
on your username and hostname. Please check that they are accurate.
You can suppress this message by setting them explicitly. Run the
following command and follow the instructions in your editor to edit
your configuration file:

    git config --global --edit

After doing this, you may fix the identity used for this commit with:

    git commit --amend --reset-author

 4 files changed, 128 insertions(+), 13 deletions(-)
 create mode 100644 clinic-preconsult-launch/13-nearby-leads-and-branding.md
To github.com:samwoo-seong0915/pipeline-offline.git
   977da9e..d628682  main -> main
[main 923a58e] auto-backup: 2026-04-01 15:20
 Committer: mac <mac@macui-MacBookPro.local>
Your name and email address were configured automatically based
on your username and hostname. Please check that they are accurate.
You can suppress this message by setting them explicitly. Run the
following command and follow the instructions in your editor to edit
your configuration file:

    git config --global --edit

After doing this, you may fix the identity used for this commit with:

    git commit --amend --reset-author

 1 file changed, 18 insertions(+)
To github.com:samwoo-seong0915/pipeline-offline.git
   d628682..923a58e  main -> main
